<?xml version="1.0" encoding="UTF-8"?>
<testsuite name="Tt" tests="1" skipped="0" failures="0" errors="0" timestamp="2019-10-10T07:17:02" hostname="yuantongqin.local" time="0.011">
  <properties/>
  <testcase name="sa" classname="Tt" time="0.011"/>
  <system-out><![CDATA[1564160400000
1419613200000
]]></system-out>
  <system-err><![CDATA[]]></system-err>
</testsuite>
